<?xml version="1.0" encoding="UTF-8"?>
<testng-results ignored="0" total="1" passed="1" failed="0" skipped="0">
  <reporter-output>
  </reporter-output>
  <suite started-at="2026-01-20T21:18:29Z" name="Default suite" finished-at="2026-01-20T21:18:45Z" duration-ms="16237">
    <groups>
    </groups>
    <test started-at="2026-01-20T21:18:29Z" name="Default test" finished-at="2026-01-20T21:18:45Z" duration-ms="16237">
      <class name="selenium.NewTest">
        <test-method signature="f()[pri:0, instance:selenium.NewTest@16eb3ea3]" started-at="2026-01-20T15:18:29Z" name="f" finished-at="2026-01-20T15:18:45Z" duration-ms="16180" status="PASS">
          <reporter-output>
          </reporter-output>
        </test-method> <!-- f -->
      </class> <!-- selenium.NewTest -->
    </test> <!-- Default test -->
  </suite> <!-- Default suite -->
</testng-results>
