<?xml version="1.0" encoding="UTF-8"?>
<testng-results ignored="0" total="1" passed="1" failed="0" skipped="0">
  <reporter-output>
  </reporter-output>
  <suite started-at="2025-03-18T00:52:00Z" name="Default suite" finished-at="2025-03-18T00:52:06Z" duration-ms="5815">
    <groups>
    </groups>
    <test started-at="2025-03-18T00:52:00Z" name="Default test" finished-at="2025-03-18T00:52:06Z" duration-ms="5815">
      <class name="selenium.NewTest">
        <test-method signature="f()[pri:0, instance:selenium.NewTest@2767e23c]" started-at="2025-03-17T18:52:00Z" name="f" finished-at="2025-03-17T18:52:06Z" duration-ms="5708" status="PASS">
          <reporter-output>
          </reporter-output>
        </test-method> <!-- f -->
      </class> <!-- selenium.NewTest -->
    </test> <!-- Default test -->
  </suite> <!-- Default suite -->
</testng-results>
